2025-08-21 12:17:41.891  WARN 3967 --- [main] ory$DuplicateJsonObjectContextCustomizer : 

Found multiple occurrences of org.json.JSONObject on the class path:

	jar:file:/home/runner/.m2/repository/org/json/json/20220320/json-20220320.jar!/org/json/JSONObject.class
	jar:file:/home/runner/.m2/repository/com/vaadin/external/google/android-json/0.0.20131108.vaadin1/android-json-0.0.20131108.vaadin1.jar!/org/json/JSONObject.class

You may wish to exclude one of them to ensure predictable runtime behavior

2025-08-21 12:17:41.910  INFO 3967 --- [main] c.a.AirQualityMonitoringApplicationTest  : Starting AirQualityMonitoringApplicationTest using Java 17.0.16 on pkrvmqc4gcfdwos with PID 3967 (started by runner in /home/runner/work/AirSight/AirSight)
2025-08-21 12:17:41.911  INFO 3967 --- [main] c.a.AirQualityMonitoringApplicationTest  : The following 1 profile is active: "test"
2025-08-21 12:17:41.987 DEBUG 3967 --- [main] o.s.w.c.s.GenericWebApplicationContext   : Refreshing org.springframework.web.context.support.GenericWebApplicationContext@4fe89c24
2025-08-21 12:17:42.726  INFO 3967 --- [main] .s.d.r.c.RepositoryConfigurationDelegate : Bootstrapping Spring Data JPA repositories in DEFAULT mode.
2025-08-21 12:17:42.787  INFO 3967 --- [main] .s.d.r.c.RepositoryConfigurationDelegate : Finished Spring Data repository scanning in 53 ms. Found 3 JPA repository interfaces.
2025-08-21 12:17:43.551  INFO 3967 --- [main] o.hibernate.jpa.internal.util.LogHelper  : HHH000204: Processing PersistenceUnitInfo [name: default]
2025-08-21 12:17:43.589  INFO 3967 --- [main] org.hibernate.Version                    : HHH000412: Hibernate ORM core version 5.6.15.Final
2025-08-21 12:17:43.711  INFO 3967 --- [main] o.hibernate.annotations.common.Version   : HCANN000001: Hibernate Commons Annotations {5.1.2.Final}
2025-08-21 12:17:43.801  INFO 3967 --- [main] com.zaxxer.hikari.HikariDataSource       : HikariPool-1 - Starting...
2025-08-21 12:17:44.016  INFO 3967 --- [main] com.zaxxer.hikari.HikariDataSource       : HikariPool-1 - Start completed.
2025-08-21 12:17:44.032  INFO 3967 --- [main] org.hibernate.dialect.Dialect            : HHH000400: Using dialect: org.hibernate.dialect.H2Dialect
2025-08-21 12:17:44.628  INFO 3967 --- [main] o.h.e.t.j.p.i.JtaPlatformInitiator       : HHH000490: Using JtaPlatform implementation: [org.hibernate.engine.transaction.jta.platform.internal.NoJtaPlatform]
2025-08-21 12:17:44.636  INFO 3967 --- [main] j.LocalContainerEntityManagerFactoryBean : Initialized JPA EntityManagerFactory for persistence unit 'default'
2025-08-21 12:17:45.167  INFO 3967 --- [main] c.air.airquality.services.AlertService   : Twilio SMS service configured successfully
2025-08-21 12:17:45.369  WARN 3967 --- [main] JpaBaseConfiguration$JpaWebConfiguration : spring.jpa.open-in-view is enabled by default. Therefore, database queries may be performed during view rendering. Explicitly configure spring.jpa.open-in-view to disable this warning
2025-08-21 12:17:45.550 DEBUG 3967 --- [main] s.w.s.m.m.a.RequestMappingHandlerMapping : 21 mappings in 'requestMappingHandlerMapping'
2025-08-21 12:17:45.684 DEBUG 3967 --- [main] o.s.w.s.handler.SimpleUrlHandlerMapping  : Patterns [/webjars/**, /**] in 'resourceHandlerMapping'
2025-08-21 12:17:45.696  INFO 3967 --- [main] o.s.s.web.DefaultSecurityFilterChain     : Will secure any request with [org.springframework.security.web.session.DisableEncodeUrlFilter@380e3122, org.springframework.security.web.context.request.async.WebAsyncManagerIntegrationFilter@576323ff, org.springframework.security.web.context.SecurityContextPersistenceFilter@22ee1ad7, org.springframework.security.web.header.HeaderWriterFilter@5e777b0, org.springframework.web.filter.CorsFilter@1fc386f8, org.springframework.security.web.authentication.logout.LogoutFilter@7698a3d9, org.springframework.security.web.authentication.www.BasicAuthenticationFilter@5c261c74, org.springframework.security.web.savedrequest.RequestCacheAwareFilter@782143e8, org.springframework.security.web.servletapi.SecurityContextHolderAwareRequestFilter@2552181d, org.springframework.security.web.authentication.AnonymousAuthenticationFilter@7eb94590, org.springframework.security.web.session.SessionManagementFilter@486bcaa, org.springframework.security.web.access.ExceptionTranslationFilter@74faf450, org.springframework.security.web.access.intercept.AuthorizationFilter@664083f6]
2025-08-21 12:17:45.703  WARN 3967 --- [main] o.s.s.c.a.web.builders.WebSecurity       : 

********************************************************************
**********        Security debugging is enabled.       *************
**********    This may include sensitive information.  *************
**********      Do not use in a production system!     *************
********************************************************************


2025-08-21 12:17:45.826 DEBUG 3967 --- [main] s.w.s.m.m.a.RequestMappingHandlerAdapter : ControllerAdvice beans: 0 @ModelAttribute, 0 @InitBinder, 1 RequestBodyAdvice, 1 ResponseBodyAdvice
2025-08-21 12:17:45.875 DEBUG 3967 --- [main] .m.m.a.ExceptionHandlerExceptionResolver : ControllerAdvice beans: 1 @ExceptionHandler, 1 ResponseBodyAdvice
2025-08-21 12:17:46.041  INFO 3967 --- [main] c.a.AirQualityMonitoringApplicationTest  : Started AirQualityMonitoringApplicationTest in 4.472 seconds (JVM running for 5.493)
2025-08-21 12:17:46.225  INFO 3967 --- [main] .b.t.a.w.s.WebMvcTestContextBootstrapper : Neither @ContextConfiguration nor @ContextHierarchy found for test class [com.air.airquality.controller.AqiControllerTest], using SpringBootContextLoader
2025-08-21 12:17:46.226  INFO 3967 --- [main] o.s.t.c.support.AbstractContextLoader    : Could not detect default resource locations for test class [com.air.airquality.controller.AqiControllerTest]: no resource found for suffixes {-context.xml, Context.groovy}.
2025-08-21 12:17:46.227  INFO 3967 --- [main] t.c.s.AnnotationConfigContextLoaderUtils : Could not detect default configuration classes for test class [com.air.airquality.controller.AqiControllerTest]: AqiControllerTest does not declare any static, non-private, non-final, nested classes annotated with @Configuration.
2025-08-21 12:17:46.255  INFO 3967 --- [main] .b.t.c.SpringBootTestContextBootstrapper : Found @SpringBootConfiguration com.air.airquality.AirQualityMonitoringApplication for test class com.air.airquality.controller.AqiControllerTest
2025-08-21 12:17:46.256  INFO 3967 --- [main] .b.t.a.w.s.WebMvcTestContextBootstrapper : Loaded default TestExecutionListener class names from location [META-INF/spring.factories]: [org.springframework.boot.test.mock.mockito.MockitoTestExecutionListener, org.springframework.boot.test.mock.mockito.ResetMocksTestExecutionListener, org.springframework.boot.test.autoconfigure.restdocs.RestDocsTestExecutionListener, org.springframework.boot.test.autoconfigure.web.client.MockRestServiceServerResetTestExecutionListener, org.springframework.boot.test.autoconfigure.web.servlet.MockMvcPrintOnlyOnFailureTestExecutionListener, org.springframework.boot.test.autoconfigure.web.servlet.WebDriverTestExecutionListener, org.springframework.boot.test.autoconfigure.webservices.client.MockWebServiceServerTestExecutionListener, org.springframework.test.context.web.ServletTestExecutionListener, org.springframework.test.context.support.DirtiesContextBeforeModesTestExecutionListener, org.springframework.test.context.event.ApplicationEventsTestExecutionListener, org.springframework.test.context.support.DependencyInjectionTestExecutionListener, org.springframework.test.context.support.DirtiesContextTestExecutionListener, org.springframework.test.context.transaction.TransactionalTestExecutionListener, org.springframework.test.context.jdbc.SqlScriptsTestExecutionListener, org.springframework.test.context.event.EventPublishingTestExecutionListener, org.springframework.security.test.context.support.WithSecurityContextTestExecutionListener, org.springframework.security.test.context.support.ReactorContextTestExecutionListener]
2025-08-21 12:17:46.259  INFO 3967 --- [main] .b.t.a.w.s.WebMvcTestContextBootstrapper : Using TestExecutionListeners: [org.springframework.test.context.web.ServletTestExecutionListener@45dfb6a4, org.springframework.test.context.support.DirtiesContextBeforeModesTestExecutionListener@202ba60a, org.springframework.test.context.event.ApplicationEventsTestExecutionListener@12ebcdf6, org.springframework.boot.test.mock.mockito.MockitoTestExecutionListener@30dd23e2, org.springframework.boot.test.autoconfigure.SpringBootDependencyInjectionTestExecutionListener@88fc9cb, org.springframework.test.context.support.DirtiesContextTestExecutionListener@75693526, org.springframework.test.context.transaction.TransactionalTestExecutionListener@39a1c200, org.springframework.test.context.jdbc.SqlScriptsTestExecutionListener@603a34e5, org.springframework.test.context.event.EventPublishingTestExecutionListener@160d68b8, org.springframework.security.test.context.support.WithSecurityContextTestExecutionListener@2af1bf5a, org.springframework.security.test.context.support.ReactorContextTestExecutionListener@1d77d9c6, org.springframework.boot.test.mock.mockito.ResetMocksTestExecutionListener@2c5b4b91, org.springframework.boot.test.autoconfigure.restdocs.RestDocsTestExecutionListener@51eeae0a, org.springframework.boot.test.autoconfigure.web.client.MockRestServiceServerResetTestExecutionListener@76c2d002, org.springframework.boot.test.autoconfigure.web.servlet.MockMvcPrintOnlyOnFailureTestExecutionListener@55589ef5, org.springframework.boot.test.autoconfigure.web.servlet.WebDriverTestExecutionListener@23a9400c, org.springframework.boot.test.autoconfigure.webservices.client.MockWebServiceServerTestExecutionListener@793248d]
2025-08-21 12:17:46.299  WARN 3967 --- [main] ory$DuplicateJsonObjectContextCustomizer : 

Found multiple occurrences of org.json.JSONObject on the class path:

	jar:file:/home/runner/.m2/repository/org/json/json/20220320/json-20220320.jar!/org/json/JSONObject.class
	jar:file:/home/runner/.m2/repository/com/vaadin/external/google/android-json/0.0.20131108.vaadin1/android-json-0.0.20131108.vaadin1.jar!/org/json/JSONObject.class

You may wish to exclude one of them to ensure predictable runtime behavior

2025-08-21 12:17:46.302  INFO 3967 --- [main] c.a.a.controller.AqiControllerTest       : Starting AqiControllerTest using Java 17.0.16 on pkrvmqc4gcfdwos with PID 3967 (started by runner in /home/runner/work/AirSight/AirSight)
2025-08-21 12:17:46.304  INFO 3967 --- [main] c.a.a.controller.AqiControllerTest       : No active profile set, falling back to 1 default profile: "default"
2025-08-21 12:17:46.307 DEBUG 3967 --- [main] o.s.w.c.s.GenericWebApplicationContext   : Refreshing org.springframework.web.context.support.GenericWebApplicationContext@50b78155
2025-08-21 12:17:46.577  WARN 3967 --- [main] .s.s.UserDetailsServiceAutoConfiguration : 

Using generated security password: 76f88526-8a59-4fb4-99f4-3f87a5ffb8bf

This generated password is for development use only. Your security configuration must be updated before running your application in production.

2025-08-21 12:17:46.631  INFO 3967 --- [main] o.s.s.web.DefaultSecurityFilterChain     : Will secure any request with [org.springframework.security.web.session.DisableEncodeUrlFilter@79f82fc4, org.springframework.security.web.context.request.async.WebAsyncManagerIntegrationFilter@554db19d, org.springframework.security.web.context.SecurityContextPersistenceFilter@80081d7, org.springframework.security.web.header.HeaderWriterFilter@247877f3, org.springframework.security.web.authentication.logout.LogoutFilter@2314f013, org.springframework.security.web.savedrequest.RequestCacheAwareFilter@57d0c779, org.springframework.security.web.servletapi.SecurityContextHolderAwareRequestFilter@3070f59f, org.springframework.security.web.authentication.AnonymousAuthenticationFilter@bb896e9, org.springframework.security.web.session.SessionManagementFilter@44bb6856, org.springframework.security.web.access.ExceptionTranslationFilter@1cc878e6, org.springframework.security.web.access.intercept.FilterSecurityInterceptor@3d3c14c3]
2025-08-21 12:17:46.728 DEBUG 3967 --- [main] s.w.s.m.m.a.RequestMappingHandlerAdapter : ControllerAdvice beans: 0 @ModelAttribute, 0 @InitBinder, 1 RequestBodyAdvice, 1 ResponseBodyAdvice
2025-08-21 12:17:46.749 DEBUG 3967 --- [main] s.w.s.m.m.a.RequestMappingHandlerMapping : 8 mappings in 'requestMappingHandlerMapping'
2025-08-21 12:17:46.765 DEBUG 3967 --- [main] o.s.w.s.handler.SimpleUrlHandlerMapping  : Patterns [/webjars/**, /**] in 'resourceHandlerMapping'
2025-08-21 12:17:46.771 DEBUG 3967 --- [main] .m.m.a.ExceptionHandlerExceptionResolver : ControllerAdvice beans: 1 @ExceptionHandler, 1 ResponseBodyAdvice
2025-08-21 12:17:46.832  INFO 3967 --- [main] o.s.b.t.m.w.SpringBootMockServletContext : Initializing Spring TestDispatcherServlet ''
2025-08-21 12:17:46.832  INFO 3967 --- [main] o.s.t.web.servlet.TestDispatcherServlet  : Initializing Servlet ''
2025-08-21 12:17:46.833  INFO 3967 --- [main] o.s.t.web.servlet.TestDispatcherServlet  : Completed initialization in 1 ms
2025-08-21 12:17:46.843  INFO 3967 --- [main] c.a.a.controller.AqiControllerTest       : Started AqiControllerTest in 0.581 seconds (JVM running for 6.294)
2025-08-21 12:17:46.874 DEBUG 3967 --- [main] s.w.s.m.m.a.RequestMappingHandlerMapping : Mapped to com.air.airquality.controller.AqiController#getAvailableCities()
2025-08-21 12:17:46.891 DEBUG 3967 --- [main] o.s.w.s.m.m.a.HttpEntityMethodProcessor  : Using 'application/json', given [*/*] and supported [application/json, application/*+json, application/json, application/*+json, application/xml;charset=UTF-8, text/xml;charset=UTF-8, application/*+xml;charset=UTF-8, application/xml;charset=UTF-8, text/xml;charset=UTF-8, application/*+xml;charset=UTF-8]
2025-08-21 12:17:46.892 DEBUG 3967 --- [main] o.s.w.s.m.m.a.HttpEntityMethodProcessor  : Writing [{cities=[Delhi, Mumbai, Bangalore], success=true, count=3}]
2025-08-21 12:17:46.914 DEBUG 3967 --- [main] s.w.s.m.m.a.RequestMappingHandlerMapping : Mapped to com.air.airquality.controller.AqiController#getCurrentAqi(String)
2025-08-21 12:17:46.922 DEBUG 3967 --- [main] o.s.w.s.m.m.a.HttpEntityMethodProcessor  : Using 'application/json', given [*/*] and supported [application/json, application/*+json, application/json, application/*+json, application/xml;charset=UTF-8, text/xml;charset=UTF-8, application/*+xml;charset=UTF-8, application/xml;charset=UTF-8, text/xml;charset=UTF-8, application/*+xml;charset=UTF-8]
2025-08-21 12:17:46.923 DEBUG 3967 --- [main] o.s.w.s.m.m.a.HttpEntityMethodProcessor  : Writing [{data=com.air.airquality.dto.AqiResponse@1b4bc7b9, success=true, message=Data retrieved successfully (truncated)...]
2025-08-21 12:17:46.954 DEBUG 3967 --- [SpringApplicationShutdownHook] o.s.w.c.s.GenericWebApplicationContext   : Closing org.springframework.web.context.support.GenericWebApplicationContext@4fe89c24, started on Thu Aug 21 12:17:41 UTC 2025
2025-08-21 12:17:46.959  INFO 3967 --- [SpringApplicationShutdownHook] j.LocalContainerEntityManagerFactoryBean : Closing JPA EntityManagerFactory for persistence unit 'default'
2025-08-21 12:17:46.959  INFO 3967 --- [SpringApplicationShutdownHook] .SchemaDropperImpl$DelayedDropActionImpl : HHH000477: Starting delayed evictData of schema as part of SessionFactory shut-down'
2025-08-21 12:17:46.964  INFO 3967 --- [SpringApplicationShutdownHook] com.zaxxer.hikari.HikariDataSource       : HikariPool-1 - Shutdown initiated...
2025-08-21 12:17:46.966  INFO 3967 --- [SpringApplicationShutdownHook] com.zaxxer.hikari.HikariDataSource       : HikariPool-1 - Shutdown completed.
2025-08-21 12:17:46.967 DEBUG 3967 --- [SpringApplicationShutdownHook] o.s.w.c.s.GenericWebApplicationContext   : Closing org.springframework.web.context.support.GenericWebApplicationContext@50b78155, started on Thu Aug 21 12:17:46 UTC 2025
